2025-04-13 01:00:26,577 - git-cronjob - INFO - Starting cronjob scheduler
2025-04-13 01:00:26,577 - git-cronjob - INFO - Checking for changes in repository
2025-04-13 01:00:26,582 - git-cronjob - INFO - Changes detected. Proceeding with commit and push.
2025-04-13 01:00:26,582 - git-cronjob - INFO - Running command: git add .
2025-04-13 01:00:26,610 - git-cronjob - INFO - Success: 
2025-04-13 01:00:26,610 - git-cronjob - INFO - Running command: git commit -m [bot] update crawling data
2025-04-13 01:00:26,798 - git-cronjob - INFO - Success: [master ff9e0f9] [bot] update crawling data
 10 files changed, 755 insertions(+)
 create mode 100644 .idea/caches/deviceStreaming.xml
 create mode 100644 .idea/misc.xml
 create mode 100644 .idea/modules.xml
 create mode 100644 .idea/qBittorrent-OneDrive.iml
 create mode 100644 .idea/vcs.xml
 create mode 100644 .idea/workspace.xml
 create mode 100644 config.json
 create mode 100644 failed_uploads.json
 create mode 100644 failed_uploads.json.1744480371.bak
 create mode 100644 processed_torrents.json
2025-04-13 01:00:26,798 - git-cronjob - INFO - Running command: git push origin master
2025-04-13 01:01:16,735 - git-cronjob - INFO - Success: 
2025-04-13 01:01:16,735 - git-cronjob - INFO - Git operations completed successfully
2025-04-13 01:01:16,735 - git-cronjob - INFO - Scheduler running. Press Ctrl+C to stop.
2025-04-13 01:05:26,987 - git-cronjob - INFO - Checking for changes in repository
2025-04-13 01:05:26,992 - git-cronjob - INFO - Changes detected. Proceeding with commit and push.
2025-04-13 01:05:26,992 - git-cronjob - INFO - Running command: git add .
2025-04-13 01:05:26,996 - git-cronjob - INFO - Success: 
2025-04-13 01:05:26,996 - git-cronjob - INFO - Running command: git commit -m [bot] update crawling data
2025-04-13 01:05:27,005 - git-cronjob - INFO - Success: [master 2f319cd] [bot] update crawling data
 1 file changed, 10 insertions(+)
2025-04-13 01:05:27,005 - git-cronjob - INFO - Running command: git push origin master
