2025-04-19 16:15:07,935 - git-cronjob - INFO - Starting cronjob scheduler
2025-04-19 16:15:07,936 - git-cronjob - INFO - Configuration loaded from cron_config.json
2025-04-19 16:15:07,936 - git-cronjob - INFO - Setting job interval to 5 minutes
2025-04-19 16:15:07,936 - git-cronjob - INFO - Checking for changes in repository
2025-04-19 16:15:07,942 - git-cronjob - INFO - Changes detected. Proceeding with commit and push.
2025-04-19 16:15:07,942 - git-cronjob - INFO - Running command: git add .
2025-04-19 16:15:07,947 - git-cronjob - INFO - Success: 
2025-04-19 16:15:07,947 - git-cronjob - INFO - Running command: git commit -m [bot] update crawling data
2025-04-19 16:15:07,958 - git-cronjob - INFO - Success: [master 4f7f518] [bot] update crawling data
 5 files changed, 107 insertions(+)
 create mode 100644 cronjob.log
 create mode 100644 multithreads_config.json
 create mode 100644 rclone-log-139971019077312-1745079247.txt
 create mode 100644 rclone-log-139971027470016-1745079247.txt
2025-04-19 16:15:07,958 - git-cronjob - INFO - Running command: git push origin master
2025-04-19 16:15:09,234 - git-cronjob - INFO - Success: 
2025-04-19 16:15:09,234 - git-cronjob - INFO - Git operations completed successfully
2025-04-19 16:15:09,234 - git-cronjob - INFO - Scheduler running. Press Ctrl+C to stop.
2025-04-19 16:20:08,543 - git-cronjob - INFO - Checking for changes in repository
2025-04-19 16:20:08,549 - git-cronjob - INFO - Changes detected. Proceeding with commit and push.
2025-04-19 16:20:08,549 - git-cronjob - INFO - Running command: git add .
2025-04-19 16:20:08,557 - git-cronjob - INFO - Success: 
2025-04-19 16:20:08,557 - git-cronjob - INFO - Running command: git commit -m [bot] update crawling data
2025-04-19 16:20:08,576 - git-cronjob - INFO - Success: [master 63fe119] [bot] update crawling data
 7 files changed, 67 insertions(+), 4892 deletions(-)
 rename rclone-log-139971019077312-1745079247.txt => rclone-log-139970985506496-1745079548.txt (100%)
 delete mode 100644 rclone-log-139971027470016-1745079247.txt
2025-04-19 16:20:08,576 - git-cronjob - INFO - Running command: git push origin master
2025-04-19 16:20:09,763 - git-cronjob - INFO - Success: 
2025-04-19 16:20:09,763 - git-cronjob - INFO - Git operations completed successfully
2025-04-19 16:25:10,102 - git-cronjob - INFO - Checking for changes in repository
2025-04-19 16:25:10,109 - git-cronjob - INFO - Changes detected. Proceeding with commit and push.
2025-04-19 16:25:10,109 - git-cronjob - INFO - Running command: git add .
2025-04-19 16:25:10,118 - git-cronjob - INFO - Success: 
2025-04-19 16:25:10,118 - git-cronjob - INFO - Running command: git commit -m [bot] update crawling data
2025-04-19 16:25:10,131 - git-cronjob - INFO - Success: [master efc14a3] [bot] update crawling data
 5 files changed, 51 insertions(+), 1 deletion(-)
 delete mode 100644 rclone-log-139970985506496-1745079548.txt
2025-04-19 16:25:10,131 - git-cronjob - INFO - Running command: git push origin master
2025-04-19 16:25:11,413 - git-cronjob - INFO - Success: 
2025-04-19 16:25:11,414 - git-cronjob - INFO - Git operations completed successfully
2025-04-19 16:30:11,765 - git-cronjob - INFO - Checking for changes in repository
2025-04-19 16:30:11,770 - git-cronjob - INFO - Changes detected. Proceeding with commit and push.
2025-04-19 16:30:11,770 - git-cronjob - INFO - Running command: git add .
2025-04-20 13:37:05,835 - git-cronjob - INFO - Starting cronjob scheduler
2025-04-20 13:37:05,836 - git-cronjob - INFO - Configuration loaded from cron_config.json
2025-04-20 13:37:05,836 - git-cronjob - INFO - Setting job interval to 5 minutes
2025-04-20 13:37:05,837 - git-cronjob - INFO - Checking for changes in repository
2025-04-20 13:37:05,862 - git-cronjob - INFO - Changes detected. Proceeding with commit and push.
2025-04-20 13:37:05,863 - git-cronjob - INFO - Running command: git add .
2025-04-20 13:37:05,892 - git-cronjob - INFO - Success: 
2025-04-20 13:37:05,892 - git-cronjob - INFO - Running command: git commit -m [bot] update crawling data
2025-04-20 13:37:05,953 - git-cronjob - INFO - Success: [master 5dac51c] [bot] update crawling data
 6 files changed, 583 insertions(+), 2 deletions(-)
2025-04-20 13:37:05,953 - git-cronjob - INFO - Running command: git push origin master
2025-04-20 13:37:07,390 - git-cronjob - INFO - Success: 
2025-04-20 13:37:07,390 - git-cronjob - INFO - Git operations completed successfully
2025-04-20 13:37:07,390 - git-cronjob - INFO - Scheduler running. Press Ctrl+C to stop.
2025-04-20 13:42:06,717 - git-cronjob - INFO - Checking for changes in repository
2025-04-20 13:42:06,722 - git-cronjob - INFO - Changes detected. Proceeding with commit and push.
2025-04-20 13:42:06,722 - git-cronjob - INFO - Running command: git add .
2025-04-20 13:42:06,732 - git-cronjob - INFO - Success: 
2025-04-20 13:42:06,732 - git-cronjob - INFO - Running command: git commit -m [bot] update crawling data
2025-04-20 13:42:06,743 - git-cronjob - INFO - Success: [master 9d153b2] [bot] update crawling data
 3 files changed, 28 insertions(+)
2025-04-20 13:42:06,743 - git-cronjob - INFO - Running command: git push origin master
2025-04-20 13:42:07,903 - git-cronjob - INFO - Success: 
2025-04-20 13:42:07,903 - git-cronjob - INFO - Git operations completed successfully
2025-04-20 13:47:08,222 - git-cronjob - INFO - Checking for changes in repository
2025-04-20 13:47:08,226 - git-cronjob - INFO - Changes detected. Proceeding with commit and push.
2025-04-20 13:47:08,226 - git-cronjob - INFO - Running command: git add .
2025-04-20 13:47:08,234 - git-cronjob - INFO - Success: 
2025-04-20 13:47:08,234 - git-cronjob - INFO - Running command: git commit -m [bot] update crawling data
2025-04-20 13:47:08,244 - git-cronjob - INFO - Success: [master 33ddae1] [bot] update crawling data
 2 files changed, 94 insertions(+)
2025-04-20 13:47:08,244 - git-cronjob - INFO - Running command: git push origin master
2025-04-20 13:47:09,678 - git-cronjob - INFO - Success: 
2025-04-20 13:47:09,678 - git-cronjob - INFO - Git operations completed successfully
2025-04-20 13:52:09,997 - git-cronjob - INFO - Checking for changes in repository
2025-04-20 13:52:10,001 - git-cronjob - INFO - Changes detected. Proceeding with commit and push.
2025-04-20 13:52:10,002 - git-cronjob - INFO - Running command: git add .
2025-04-20 13:52:10,012 - git-cronjob - INFO - Success: 
2025-04-20 13:52:10,012 - git-cronjob - INFO - Running command: git commit -m [bot] update crawling data
2025-04-20 13:52:10,023 - git-cronjob - INFO - Success: [master d8226b0] [bot] update crawling data
 3 files changed, 135 insertions(+)
2025-04-20 13:52:10,023 - git-cronjob - INFO - Running command: git push origin master
2025-04-20 13:52:11,264 - git-cronjob - INFO - Success: 
2025-04-20 13:52:11,264 - git-cronjob - INFO - Git operations completed successfully
2025-04-20 13:57:11,580 - git-cronjob - INFO - Checking for changes in repository
2025-04-20 13:57:11,585 - git-cronjob - INFO - Changes detected. Proceeding with commit and push.
2025-04-20 13:57:11,585 - git-cronjob - INFO - Running command: git add .
2025-04-20 13:57:11,596 - git-cronjob - INFO - Success: 
2025-04-20 13:57:11,596 - git-cronjob - INFO - Running command: git commit -m [bot] update crawling data
2025-04-20 13:57:11,608 - git-cronjob - INFO - Success: [master 0c87332] [bot] update crawling data
 3 files changed, 85 insertions(+)
2025-04-20 13:57:11,608 - git-cronjob - INFO - Running command: git push origin master
2025-04-20 13:57:13,038 - git-cronjob - INFO - Success: 
2025-04-20 13:57:13,038 - git-cronjob - INFO - Git operations completed successfully
2025-04-20 14:02:13,347 - git-cronjob - INFO - Checking for changes in repository
2025-04-20 14:02:13,351 - git-cronjob - INFO - Changes detected. Proceeding with commit and push.
2025-04-20 14:02:13,351 - git-cronjob - INFO - Running command: git add .
2025-04-20 14:02:13,362 - git-cronjob - INFO - Success: 
2025-04-20 14:02:13,362 - git-cronjob - INFO - Running command: git commit -m [bot] update crawling data
2025-04-20 14:02:13,373 - git-cronjob - INFO - Success: [master 074ed71] [bot] update crawling data
 3 files changed, 60 insertions(+)
2025-04-20 14:02:13,373 - git-cronjob - INFO - Running command: git push origin master
2025-04-20 14:02:14,881 - git-cronjob - INFO - Success: 
2025-04-20 14:02:14,881 - git-cronjob - INFO - Git operations completed successfully
2025-04-20 14:07:15,196 - git-cronjob - INFO - Checking for changes in repository
2025-04-20 14:07:15,200 - git-cronjob - INFO - Changes detected. Proceeding with commit and push.
2025-04-20 14:07:15,201 - git-cronjob - INFO - Running command: git add .
