2025-04-14 09:06:18,501 - git-cronjob - INFO - Starting cronjob scheduler
2025-04-14 09:06:18,501 - git-cronjob - INFO - Configuration loaded from cron_config.json
2025-04-14 09:06:18,501 - git-cronjob - INFO - Setting job interval to 30 minutes
2025-04-14 09:06:18,501 - git-cronjob - INFO - Checking for changes in repository
2025-04-14 09:06:18,505 - git-cronjob - INFO - Changes detected. Proceeding with commit and push.
2025-04-14 09:06:18,505 - git-cronjob - INFO - Running command: git add .
2025-04-14 09:06:18,517 - git-cronjob - INFO - Success: 
2025-04-14 09:06:18,517 - git-cronjob - INFO - Running command: git commit -m [bot] update crawling data
2025-04-14 09:06:18,531 - git-cronjob - INFO - Success: [master 046e9bb] [bot] update crawling data
 6 files changed, 62 insertions(+), 2 deletions(-)
 create mode 100644 nohup.out
2025-04-14 09:06:18,531 - git-cronjob - INFO - Running command: git push origin master
2025-04-14 09:06:19,242 - git-cronjob - ERROR - Command failed with exit code 1
2025-04-14 09:06:19,242 - git-cronjob - ERROR - Error message: To https://github.com/Hai567/qBittorrent-OneDrive.git
 ! [rejected]        master -> master (fetch first)
error: failed to push some refs to 'https://github.com/Hai567/qBittorrent-OneDrive.git'
hint: Updates were rejected because the remote contains work that you do not
hint: have locally. This is usually caused by another repository pushing to
hint: the same ref. If you want to integrate the remote changes, use
hint: 'git pull' before pushing again.
hint: See the 'Note about fast-forwards' in 'git push --help' for details.
2025-04-14 09:06:19,243 - git-cronjob - INFO - Scheduler running. Press Ctrl+C to stop.
2025-04-14 09:36:19,087 - git-cronjob - INFO - Checking for changes in repository
2025-04-14 09:36:19,091 - git-cronjob - INFO - Changes detected. Proceeding with commit and push.
2025-04-14 09:36:19,092 - git-cronjob - INFO - Running command: git add .
2025-04-14 09:36:19,104 - git-cronjob - INFO - Success: 
2025-04-14 09:36:19,104 - git-cronjob - INFO - Running command: git commit -m [bot] update crawling data
2025-04-14 09:36:19,117 - git-cronjob - INFO - Success: [master 2419b25] [bot] update crawling data
 4 files changed, 64 insertions(+)
2025-04-14 09:36:19,117 - git-cronjob - INFO - Running command: git push origin master
2025-04-14 09:36:19,782 - git-cronjob - ERROR - Command failed with exit code 1
2025-04-14 09:36:19,782 - git-cronjob - ERROR - Error message: To https://github.com/Hai567/qBittorrent-OneDrive.git
 ! [rejected]        master -> master (fetch first)
error: failed to push some refs to 'https://github.com/Hai567/qBittorrent-OneDrive.git'
hint: Updates were rejected because the remote contains work that you do not
hint: have locally. This is usually caused by another repository pushing to
hint: the same ref. If you want to integrate the remote changes, use
hint: 'git pull' before pushing again.
hint: See the 'Note about fast-forwards' in 'git push --help' for details.
2025-04-14 10:06:20,581 - git-cronjob - INFO - Checking for changes in repository
2025-04-14 10:06:20,586 - git-cronjob - INFO - Changes detected. Proceeding with commit and push.
2025-04-14 10:06:20,586 - git-cronjob - INFO - Running command: git add .
2025-04-14 10:06:20,597 - git-cronjob - INFO - Success: 
2025-04-14 10:06:20,597 - git-cronjob - INFO - Running command: git commit -m [bot] update crawling data
2025-04-14 10:06:20,610 - git-cronjob - INFO - Success: [master ba08212] [bot] update crawling data
 3 files changed, 46 insertions(+)
2025-04-14 10:06:20,610 - git-cronjob - INFO - Running command: git push origin master
2025-04-14 10:06:21,301 - git-cronjob - ERROR - Command failed with exit code 1
2025-04-14 10:06:21,301 - git-cronjob - ERROR - Error message: To https://github.com/Hai567/qBittorrent-OneDrive.git
 ! [rejected]        master -> master (fetch first)
error: failed to push some refs to 'https://github.com/Hai567/qBittorrent-OneDrive.git'
hint: Updates were rejected because the remote contains work that you do not
hint: have locally. This is usually caused by another repository pushing to
hint: the same ref. If you want to integrate the remote changes, use
hint: 'git pull' before pushing again.
hint: See the 'Note about fast-forwards' in 'git push --help' for details.
2025-04-14 10:36:22,109 - git-cronjob - INFO - Checking for changes in repository
2025-04-14 10:36:22,114 - git-cronjob - INFO - Changes detected. Proceeding with commit and push.
2025-04-14 10:36:22,114 - git-cronjob - INFO - Running command: git add .
2025-04-14 10:36:22,125 - git-cronjob - INFO - Success: 
2025-04-14 10:36:22,125 - git-cronjob - INFO - Running command: git commit -m [bot] update crawling data
2025-04-14 10:36:22,136 - git-cronjob - INFO - Success: [master 0ac8259] [bot] update crawling data
 4 files changed, 99 insertions(+)
2025-04-14 10:36:22,137 - git-cronjob - INFO - Running command: git push origin master
2025-04-14 10:36:22,794 - git-cronjob - ERROR - Command failed with exit code 1
2025-04-14 10:36:22,794 - git-cronjob - ERROR - Error message: To https://github.com/Hai567/qBittorrent-OneDrive.git
 ! [rejected]        master -> master (fetch first)
error: failed to push some refs to 'https://github.com/Hai567/qBittorrent-OneDrive.git'
hint: Updates were rejected because the remote contains work that you do not
hint: have locally. This is usually caused by another repository pushing to
hint: the same ref. If you want to integrate the remote changes, use
hint: 'git pull' before pushing again.
hint: See the 'Note about fast-forwards' in 'git push --help' for details.
2025-04-14 11:06:23,592 - git-cronjob - INFO - Checking for changes in repository
2025-04-14 11:06:23,607 - git-cronjob - INFO - Changes detected. Proceeding with commit and push.
2025-04-14 11:06:23,608 - git-cronjob - INFO - Running command: git add .
2025-04-14 11:06:23,619 - git-cronjob - INFO - Success: 
2025-04-14 11:06:23,619 - git-cronjob - INFO - Running command: git commit -m [bot] update crawling data
2025-04-14 11:06:23,633 - git-cronjob - INFO - Success: [master dc31a86] [bot] update crawling data
 4 files changed, 80 insertions(+)
2025-04-14 11:06:23,633 - git-cronjob - INFO - Running command: git push origin master
2025-04-14 11:06:24,302 - git-cronjob - ERROR - Command failed with exit code 1
2025-04-14 11:06:24,302 - git-cronjob - ERROR - Error message: To https://github.com/Hai567/qBittorrent-OneDrive.git
 ! [rejected]        master -> master (fetch first)
error: failed to push some refs to 'https://github.com/Hai567/qBittorrent-OneDrive.git'
hint: Updates were rejected because the remote contains work that you do not
hint: have locally. This is usually caused by another repository pushing to
hint: the same ref. If you want to integrate the remote changes, use
hint: 'git pull' before pushing again.
hint: See the 'Note about fast-forwards' in 'git push --help' for details.
2025-04-14 11:36:25,161 - git-cronjob - INFO - Checking for changes in repository
2025-04-14 11:36:25,166 - git-cronjob - INFO - Changes detected. Proceeding with commit and push.
2025-04-14 11:36:25,166 - git-cronjob - INFO - Running command: git add .
2025-04-14 11:36:25,177 - git-cronjob - INFO - Success: 
2025-04-14 11:36:25,177 - git-cronjob - INFO - Running command: git commit -m [bot] update crawling data
2025-04-14 11:36:25,189 - git-cronjob - INFO - Success: [master 6b23498] [bot] update crawling data
 4 files changed, 63 insertions(+)
2025-04-14 11:36:25,189 - git-cronjob - INFO - Running command: git push origin master
2025-04-14 11:36:25,861 - git-cronjob - ERROR - Command failed with exit code 1
2025-04-14 11:36:25,861 - git-cronjob - ERROR - Error message: To https://github.com/Hai567/qBittorrent-OneDrive.git
 ! [rejected]        master -> master (fetch first)
error: failed to push some refs to 'https://github.com/Hai567/qBittorrent-OneDrive.git'
hint: Updates were rejected because the remote contains work that you do not
hint: have locally. This is usually caused by another repository pushing to
hint: the same ref. If you want to integrate the remote changes, use
hint: 'git pull' before pushing again.
hint: See the 'Note about fast-forwards' in 'git push --help' for details.
