2025-04-14 23:28:47,174 - INFO - Loaded configuration from config.json
2025-04-14 23:28:47,174 - INFO - Found rclone in PATH: /usr/bin/rclone
2025-04-14 23:28:47,266 - INFO - Found onedrive remote in rclone configuration
2025-04-14 23:28:47,271 - INFO - Successfully logged in to qBittorrent
2025-04-14 23:28:47,271 - INFO - Starting qBittorrent to OneDrive uploader service
2025-04-14 23:28:47,271 - INFO - Checking for completed torrents...
2025-04-14 23:28:47,272 - INFO - Found 0 completed torrents
2025-04-14 23:33:47,319 - INFO - Checking for completed torrents...
2025-04-14 23:33:47,323 - INFO - Found 0 completed torrents
2025-04-14 23:38:47,334 - INFO - Checking for completed torrents...
2025-04-14 23:38:47,338 - INFO - Found 0 completed torrents
2025-04-14 23:43:47,438 - INFO - Checking for completed torrents...
2025-04-14 23:43:47,442 - INFO - Found 0 completed torrents
2025-04-14 23:48:47,543 - INFO - Checking for completed torrents...
2025-04-14 23:48:47,546 - INFO - Found 0 completed torrents
2025-04-14 23:53:47,629 - INFO - Checking for completed torrents...
2025-04-14 23:53:47,633 - INFO - Found 0 completed torrents
2025-04-14 23:58:47,733 - INFO - Checking for completed torrents...
2025-04-14 23:58:47,736 - INFO - Found 0 completed torrents
2025-04-15 00:03:47,796 - INFO - Checking for completed torrents...
2025-04-15 00:03:47,803 - INFO - Found 0 completed torrents
2025-04-15 00:08:47,903 - INFO - Checking for completed torrents...
2025-04-15 00:08:47,907 - INFO - Found 0 completed torrents
2025-04-15 00:13:47,969 - INFO - Checking for completed torrents...
2025-04-15 00:13:47,972 - INFO - Found 0 completed torrents
2025-04-15 00:18:48,073 - INFO - Checking for completed torrents...
2025-04-15 00:18:48,076 - INFO - Found 0 completed torrents
2025-04-15 00:23:48,177 - INFO - Checking for completed torrents...
2025-04-15 00:23:48,180 - INFO - Found 0 completed torrents
2025-04-15 00:28:48,182 - INFO - Checking for completed torrents...
2025-04-15 00:28:48,185 - INFO - Found 0 completed torrents
2025-04-15 00:33:48,286 - INFO - Checking for completed torrents...
2025-04-15 00:33:48,289 - INFO - Found 0 completed torrents
2025-04-15 00:38:48,380 - INFO - Checking for completed torrents...
2025-04-15 00:38:48,383 - INFO - Found 0 completed torrents
2025-04-15 00:43:48,454 - INFO - Checking for completed torrents...
2025-04-15 00:43:48,458 - INFO - Found 0 completed torrents
2025-04-15 00:48:48,558 - INFO - Checking for completed torrents...
2025-04-15 00:48:48,561 - INFO - Found 0 completed torrents
2025-04-15 00:53:48,646 - INFO - Checking for completed torrents...
2025-04-15 00:53:48,649 - INFO - Found 0 completed torrents
2025-04-15 00:58:48,669 - INFO - Checking for completed torrents...
2025-04-15 00:58:48,672 - INFO - Found 0 completed torrents
